Arguments: 
  C:\Program Files\nodejs\node.exe C:\Users\yanai\AppData\Roaming\npm\node_modules\yarn\bin\yarn.js add @types/jes@latestt @types/react@latest @types/react-router@latest copy-webpack-plugin@latest css-loader@latest cssnano@latest extract-css-chunks-webpack-plugin@latest image-webpack-loader@latest node-sass@latest postcss-import@latest postcss-preset-env@latest react-dev-utils@latestreact-test-renderer@latest typescript@latest url-loader@latest webpack@latest webpack-bundle-analyzer@latest webpack-dev-server@latest

PATH: 
  C:\Python27\;C:\Python27\Scripts;C:\ProgramData\Boxstarter;C:\Program Files (x86)\Razer Chroma SDK\bin;C:\Program Files\Razer Chroma SDK\bin;C:\WINDOWS\system32;C:\WINDOWS;C:\WINDOWS\System32\Wbem;C:\WINDOWS\System32\WindowsPowerShell\v1.0\;C:\Program Files\Git\cmd;G:\xampp\php;C:\Program Files (x86)\QuickTime\QTSystem\;C:\Program Files (x86)\WinSCP\;C:\Program Files (x86)\AMD\ATI.ACE\Core-Static;C:\ProgramData\ComposerSetup\bin;C:\Ruby22-x64\bin;C:\Users\yanai\AppData\Local\Microsoft\WindowsApps;C:\Users\yanai\AppData\Roaming\Composer\vendor\bin;d:\Program Files (x86)\Microsoft VS Code\bin;C:\Users\yanai\AppData\Roaming\npm;C:\WINDOWS\system32;C:\WINDOWS;C:\WINDOWS\System32\Wbem;C:\WINDOWS\System32\WindowsPowerShell\v1.0\;C:\Program Files (x86)\Yarn\bin;C:\Program Files (x86)\Skype\Phone\;C:\WINDOWS\System32\OpenSSH\;C:\Program Files\Microsoft VS Code\bin;C:\ProgramData\chocolatey\bin;C:\Program Files\nodejs\;C:\Ruby22-x64\bin;C:\Users\yanai\AppData\Local\Microsoft\WindowsApps;C:\Users\yanai\AppData\Roaming\Composer\vendor\bin;C:\Users\yanai\AppData\Local\Yarn\bin;C:\Program Files\Microsoft VS Code\bin;;C:\Users\yanai\AppData\Local\Programs\Microsoft VS Code\bin;C:\Users\yanai\AppData\Roaming\npm

Yarn version: 
  1.12.1

Node version: 
  10.11.0

Platform: 
  win32 x64

Trace: 
  Error: https://registry.yarnpkg.com/@types%2fjes: Not found
      at Request.params.callback [as _callback] (C:\Users\yanai\AppData\Roaming\npm\node_modules\yarn\lib\cli.js:62126:18)
      at Request.self.callback (C:\Users\yanai\AppData\Roaming\npm\node_modules\yarn\lib\cli.js:124482:22)
      at Request.emit (events.js:182:13)
      at Request.<anonymous> (C:\Users\yanai\AppData\Roaming\npm\node_modules\yarn\lib\cli.js:125454:10)
      at Request.emit (events.js:182:13)
      at IncomingMessage.<anonymous> (C:\Users\yanai\AppData\Roaming\npm\node_modules\yarn\lib\cli.js:125376:12)
      at Object.onceWrapper (events.js:273:13)
      at IncomingMessage.emit (events.js:187:15)
      at endReadableNT (_stream_readable.js:1092:12)
      at process._tickCallback (internal/process/next_tick.js:63:19)

npm manifest: 
  {
    "name": "@yanai/react-all-in-one",
    "version": "1.0.1",
    "main": "index.js",
    "repository": "https://github.com/yanai101/react-all-in-one.git",
    "license": "MIT",
    "scripts": {
      "clean": "rimraf dist",
      "build": "webpack --env.env=prod --config config/webpack.config.js",
      "dev": "webpack-dev-server --config config/webpack.config.js --mode development --open",
      "start": "webpack-dev-server --env.env=dev --config config/webpack.config.js",
      "prod": "npm run clean && webpack --env.env=prod --config config/webpack.config.js",
      "dev:addon": "webpack-dev-server --env.env=dev --env.addons=myplugin --config config/webpack.config.js  --open",
      "dev:analyze": "webpack-dev-server --env.env=dev --env.addons=analyze --config config/webpack.config.js",
      "prod:analyze": "webpack --env.env=prod --env.addons=analyze --config config/webpack.config.js",
      "test": "jest"
    },
    "devDependencies": {
      "@babel/core": "^7.1.2",
      "@babel/plugin-syntax-dynamic-import": "^7.0.0",
      "@babel/preset-react": "^7.0.0",
      "@types/enzyme": "^3.1.12",
      "@types/enzyme-adapter-react-16": "^1.0.2",
      "@types/jest": "^23.3.1",
      "awesome-typescript-loader": "^5.0.0",
      "babel-loader": "^8.0.4",
      "babel-plugin-import": "^1.7.0",
      "babel-preset-env": "^1.6.1",
      "copy-webpack-plugin": "^4.5.2",
      "css-loader": "^1.0.0",
      "cssnano": "^4.0.5",
      "enzyme": "^3.3.0",
      "enzyme-adapter-react-16": "^1.1.1",
      "extract-css-chunks-webpack-plugin": "^3.2.0",
      "file-loader": "^2.0.0",
      "html-webpack-plugin": "^3.2.0",
      "image-webpack-loader": "^4.2.0",
      "install": "^0.12.1",
      "jest": "^23.4.2",
      "node-sass": "^4.8.3",
      "postcss": "^7.0.2",
      "postcss-import": "^12.0.0",
      "postcss-loader": "^3.0.0",
      "postcss-preset-env": "^6.0.10",
      "postcss-scss": "^2.0.0",
      "react-test-renderer": "^16.4.1",
      "rimraf": "^2.6.2",
      "sass-loader": "^7.0.1",
      "source-map-loader": "^0.2.3",
      "style-loader": "^0.23.0",
      "sugarss": "^2.0.0",
      "ts-jest": "^23.0.1",
      "tslint": "^5.9.1",
      "tslint-react": "^3.5.1",
      "typescript": "^3.0.1",
      "url-loader": "^1.0.1",
      "webpack": "^4.6.0",
      "webpack-bundle-analyzer": "^3.0.2",
      "webpack-cli": "^3.1.0",
      "webpack-dev-server": "^3.1.3",
      "webpack-merge": "^4.1.2"
    },
    "dependencies": {
      "@types/react": "^16.3.12",
      "@types/react-dom": "^16.0.4",
      "@types/react-router": "^4.0.23",
      "@types/react-router-dom": "^4.2.6",
      "@types/react-test-renderer": "^16.0.1",
      "jest-css-modules-transform": "^2.0.0",
      "moment": "^2.21.0",
      "node-sass": "^4.8.3",
      "react": "^16.6.0",
      "react-dev-utils": "^6.0.4",
      "react-dom": "^16.6.0",
      "react-router": "^4.3.1",
      "react-router-dom": "^4.3.1",
      "react-transition-group": "^2.3.1"
    }
  }

yarn manifest: 
  No manifest

Lockfile: 
  No lockfile
